[16-Dec-25 16:48:31 - WARNING] - yato - bot - Bot can't Export Invite link from Force Sub Channel!
[16-Dec-25 16:48:31 - WARNING] - yato - bot - 
Bot Stopped.
[16-Dec-25 16:48:31 - WARNING] - yato - bot - 
Bot Stopped.
[16-Dec-25 16:48:57 - WARNING] - yato - bot - Bot can't Export Invite link from Force Sub Channel!
[16-Dec-25 16:48:57 - WARNING] - yato - bot - 
Bot Stopped.
[16-Dec-25 16:48:57 - WARNING] - yato - bot - 
Bot Stopped.
[16-Dec-25 16:49:18 - WARNING] - yato - bot - Bot can't Export Invite link from Force Sub Channel!
[16-Dec-25 16:49:18 - WARNING] - yato - bot - 
Bot Stopped.
[16-Dec-25 16:49:18 - WARNING] - yato - bot - 
Bot Stopped.
[16-Dec-25 16:50:13 - WARNING] - yato - bot - Error loading dynamic fsub channels: mongodb:27017: [Errno 11001] getaddrinfo failed, Timeout: 30s, Topology Description: <TopologyDescription id: 6941404ea95224c44bce410d, topology_type: Single, servers: [<ServerDescription ('mongodb', 27017) server_type: Unknown, rtt: None, error=AutoReconnect('mongodb:27017: [Errno 11001] getaddrinfo failed')>]>
[16-Dec-25 16:53:08 - WARNING] - yato - bot - Telegram says: [400 CHANNEL_INVALID] (caused by "channels.GetChannels") Pyrogram 2.3.50 thinks: The channel parameter is invalid
[16-Dec-25 16:53:08 - WARNING] - yato - bot - Make Sure bot is Admin in DB Channel, and Double check the database channel Value, Current Value -1003654284775
[16-Dec-25 16:53:08 - WARNING] - yato - bot - Make Sure bot is Admin in DB Channel, and Double check the database channel Value, Current Value -1003654284775
[16-Dec-25 16:53:08 - INFO] - yato - bot - 
Bot Stopped. Join https://t.me/animes_cruise for support
[16-Dec-25 16:53:08 - INFO] - yato - bot - 
Bot Stopped. Join https://t.me/animes_cruise for support
[16-Dec-25 16:53:08 - INFO] - yato - bot - 
Bot Stopped. Join https://t.me/animes_cruise for support
[16-Dec-25 16:56:23 - INFO] - yato - bot - Primary DB Channel: -1003654284775
[16-Dec-25 16:56:23 - INFO] - yato - bot - Total DB Channels: 0
[16-Dec-25 16:56:23 - INFO] - yato - bot - Total DB Channels: 0
[16-Dec-25 16:56:23 - INFO] - yato - bot - Bot Started!!
[16-Dec-25 16:56:23 - INFO] - yato - bot - Bot Started!!
[16-Dec-25 16:56:23 - INFO] - yato - bot - Bot Started!!
[16-Dec-25 16:56:24 - INFO] - yato - bot - Restart notification sent to owner: 1246987713
[16-Dec-25 16:56:24 - INFO] - yato - bot - Restart notification sent to owner: 1246987713
[16-Dec-25 16:56:24 - INFO] - yato - bot - Restart notification sent to owner: 1246987713
[16-Dec-25 16:56:24 - INFO] - yato - bot - Restart notification sent to owner: 1246987713
[16-Dec-25 16:56:50 - WARNING] - yato - plugins.channel_post - FFmpeg not installed, skipping screenshot extraction
[16-Dec-25 17:00:11 - INFO] - yato - bot - Bot stopped.
[16-Dec-25 17:00:11 - INFO] - yato - bot - Bot stopped.
[16-Dec-25 17:00:11 - INFO] - yato - bot - Bot stopped.
[16-Dec-25 17:00:11 - INFO] - yato - bot - Bot stopped.
[16-Dec-25 17:00:11 - INFO] - yato - bot - Bot stopped.
[16-Dec-25 17:00:24 - INFO] - yato - bot - Primary DB Channel: -1003654284775
[16-Dec-25 17:00:24 - INFO] - yato - bot - Total DB Channels: 0
[16-Dec-25 17:00:24 - INFO] - yato - bot - Total DB Channels: 0
[16-Dec-25 17:00:24 - INFO] - yato - bot - Bot Started!!
[16-Dec-25 17:00:24 - INFO] - yato - bot - Bot Started!!
[16-Dec-25 17:00:24 - INFO] - yato - bot - Bot Started!!
[16-Dec-25 17:00:24 - INFO] - yato - bot - Restart notification sent to owner: 1246987713
[16-Dec-25 17:00:24 - INFO] - yato - bot - Restart notification sent to owner: 1246987713
[16-Dec-25 17:00:24 - INFO] - yato - bot - Restart notification sent to owner: 1246987713
[16-Dec-25 17:00:24 - INFO] - yato - bot - Restart notification sent to owner: 1246987713
[16-Dec-25 17:00:30 - WARNING] - yato - plugins.channel_post - FFmpeg not installed, skipping screenshot extraction
[16-Dec-25 17:01:53 - INFO] - yato - bot - Primary DB Channel: -1003654284775
[16-Dec-25 17:01:53 - INFO] - yato - bot - Total DB Channels: 0
[16-Dec-25 17:01:53 - INFO] - yato - bot - Total DB Channels: 0
[16-Dec-25 17:01:53 - INFO] - yato - bot - Bot Started!!
[16-Dec-25 17:01:53 - INFO] - yato - bot - Bot Started!!
[16-Dec-25 17:01:53 - INFO] - yato - bot - Bot Started!!
[16-Dec-25 17:01:53 - INFO] - yato - bot - Restart notification sent to owner: 1246987713
[16-Dec-25 17:01:53 - INFO] - yato - bot - Restart notification sent to owner: 1246987713
[16-Dec-25 17:01:53 - INFO] - yato - bot - Restart notification sent to owner: 1246987713
[16-Dec-25 17:01:53 - INFO] - yato - bot - Restart notification sent to owner: 1246987713
[16-Dec-25 17:01:58 - WARNING] - yato - plugins.channel_post - FFmpeg not installed, skipping screenshot extraction
[16-Dec-25 17:03:51 - INFO] - yato - bot - Bot stopped.
[16-Dec-25 17:03:51 - INFO] - yato - bot - Bot stopped.
[16-Dec-25 17:03:51 - INFO] - yato - bot - Bot stopped.
[16-Dec-25 17:03:51 - INFO] - yato - bot - Bot stopped.
[16-Dec-25 17:03:51 - INFO] - yato - bot - Bot stopped.
[16-Dec-25 17:03:57 - INFO] - yato - bot - Primary DB Channel: -1003654284775
[16-Dec-25 17:03:57 - INFO] - yato - bot - Total DB Channels: 0
[16-Dec-25 17:03:57 - INFO] - yato - bot - Total DB Channels: 0
[16-Dec-25 17:03:57 - INFO] - yato - bot - Bot Started!!
[16-Dec-25 17:03:57 - INFO] - yato - bot - Bot Started!!
[16-Dec-25 17:03:57 - INFO] - yato - bot - Bot Started!!
[16-Dec-25 17:03:57 - INFO] - yato - bot - Restart notification sent to owner: 1246987713
[16-Dec-25 17:03:57 - INFO] - yato - bot - Restart notification sent to owner: 1246987713
[16-Dec-25 17:03:57 - INFO] - yato - bot - Restart notification sent to owner: 1246987713
[16-Dec-25 17:03:57 - INFO] - yato - bot - Restart notification sent to owner: 1246987713
[16-Dec-25 17:04:07 - WARNING] - yato - plugins.channel_post - FFmpeg not installed, skipping screenshot extraction
[16-Dec-25 17:05:04 - INFO] - yato - bot - Bot stopped.
[16-Dec-25 17:05:04 - INFO] - yato - bot - Bot stopped.
[16-Dec-25 17:05:04 - INFO] - yato - bot - Bot stopped.
[16-Dec-25 17:05:04 - INFO] - yato - bot - Bot stopped.
[16-Dec-25 17:05:04 - INFO] - yato - bot - Bot stopped.
[16-Dec-25 17:05:26 - INFO] - yato - bot - Primary DB Channel: -1003654284775
[16-Dec-25 17:05:26 - INFO] - yato - bot - Total DB Channels: 0
[16-Dec-25 17:05:26 - INFO] - yato - bot - Total DB Channels: 0
[16-Dec-25 17:05:26 - INFO] - yato - bot - Bot Started!!
[16-Dec-25 17:05:26 - INFO] - yato - bot - Bot Started!!
[16-Dec-25 17:05:26 - INFO] - yato - bot - Bot Started!!
[16-Dec-25 17:05:26 - INFO] - yato - bot - Restart notification sent to owner: 1246987713
[16-Dec-25 17:05:26 - INFO] - yato - bot - Restart notification sent to owner: 1246987713
[16-Dec-25 17:05:26 - INFO] - yato - bot - Restart notification sent to owner: 1246987713
[16-Dec-25 17:05:26 - INFO] - yato - bot - Restart notification sent to owner: 1246987713
[16-Dec-25 17:12:30 - WARNING] - yato - plugins.channel_post - No screenshots extracted, falling back to normal upload
[16-Dec-25 17:13:09 - INFO] - yato - plugins.start - Trying to get messages from source channel: -1003654284775
[16-Dec-25 17:13:09 - INFO] - yato - plugins.start - Found 1 messages from source channel -1003654284775
[16-Dec-25 17:13:09 - INFO] - yato - plugins.start - Found 1 messages from source channel -1003654284775
[16-Dec-25 17:14:04 - INFO] - yato - bot - Bot stopped.
[16-Dec-25 17:14:04 - INFO] - yato - bot - Bot stopped.
[16-Dec-25 17:14:04 - INFO] - yato - bot - Bot stopped.
[16-Dec-25 17:14:04 - INFO] - yato - bot - Bot stopped.
[16-Dec-25 17:14:04 - INFO] - yato - bot - Bot stopped.
[16-Dec-25 17:14:21 - INFO] - yato - bot - Primary DB Channel: -1003654284775
[16-Dec-25 17:14:21 - INFO] - yato - bot - Total DB Channels: 0
[16-Dec-25 17:14:21 - INFO] - yato - bot - Total DB Channels: 0
[16-Dec-25 17:14:21 - INFO] - yato - bot - Bot Started!!
[16-Dec-25 17:14:21 - INFO] - yato - bot - Bot Started!!
[16-Dec-25 17:14:21 - INFO] - yato - bot - Bot Started!!
[16-Dec-25 17:14:21 - INFO] - yato - bot - Restart notification sent to owner: 1246987713
[16-Dec-25 17:14:21 - INFO] - yato - bot - Restart notification sent to owner: 1246987713
[16-Dec-25 17:14:21 - INFO] - yato - bot - Restart notification sent to owner: 1246987713
[16-Dec-25 17:14:21 - INFO] - yato - bot - Restart notification sent to owner: 1246987713
[16-Dec-25 17:14:26 - WARNING] - yato - plugins.channel_post - FFmpeg not installed, skipping screenshot extraction
[16-Dec-25 17:17:20 - INFO] - yato - bot - Bot stopped.
[16-Dec-25 17:17:20 - INFO] - yato - bot - Bot stopped.
[16-Dec-25 17:17:20 - INFO] - yato - bot - Bot stopped.
[16-Dec-25 17:17:20 - INFO] - yato - bot - Bot stopped.
[16-Dec-25 17:17:20 - INFO] - yato - bot - Bot stopped.
[16-Dec-25 17:17:35 - INFO] - yato - bot - Primary DB Channel: -1003654284775
[16-Dec-25 17:17:35 - INFO] - yato - bot - Total DB Channels: 0
[16-Dec-25 17:17:35 - INFO] - yato - bot - Total DB Channels: 0
[16-Dec-25 17:17:35 - INFO] - yato - bot - Bot Started!!
[16-Dec-25 17:17:35 - INFO] - yato - bot - Bot Started!!
[16-Dec-25 17:17:35 - INFO] - yato - bot - Bot Started!!
[16-Dec-25 17:17:35 - INFO] - yato - bot - Restart notification sent to owner: 1246987713
[16-Dec-25 17:17:35 - INFO] - yato - bot - Restart notification sent to owner: 1246987713
[16-Dec-25 17:17:35 - INFO] - yato - bot - Restart notification sent to owner: 1246987713
[16-Dec-25 17:17:35 - INFO] - yato - bot - Restart notification sent to owner: 1246987713
[16-Dec-25 17:17:41 - WARNING] - yato - plugins.channel_post - FFmpeg not installed, skipping screenshot extraction
[16-Dec-25 17:18:28 - INFO] - yato - bot - Bot stopped.
[16-Dec-25 17:18:28 - INFO] - yato - bot - Bot stopped.
[16-Dec-25 17:18:28 - INFO] - yato - bot - Bot stopped.
[16-Dec-25 17:18:28 - INFO] - yato - bot - Bot stopped.
[16-Dec-25 17:18:28 - INFO] - yato - bot - Bot stopped.
[16-Dec-25 17:18:45 - INFO] - yato - bot - Primary DB Channel: -1003654284775
[16-Dec-25 17:18:45 - INFO] - yato - bot - Total DB Channels: 0
[16-Dec-25 17:18:45 - INFO] - yato - bot - Total DB Channels: 0
[16-Dec-25 17:18:45 - INFO] - yato - bot - Bot Started!!
[16-Dec-25 17:18:45 - INFO] - yato - bot - Bot Started!!
[16-Dec-25 17:18:45 - INFO] - yato - bot - Bot Started!!
[16-Dec-25 17:18:45 - INFO] - yato - bot - Restart notification sent to owner: 1246987713
[16-Dec-25 17:18:45 - INFO] - yato - bot - Restart notification sent to owner: 1246987713
[16-Dec-25 17:18:45 - INFO] - yato - bot - Restart notification sent to owner: 1246987713
[16-Dec-25 17:18:45 - INFO] - yato - bot - Restart notification sent to owner: 1246987713
[16-Dec-25 17:18:50 - WARNING] - yato - plugins.channel_post - FFmpeg not installed, skipping screenshot extraction
[16-Dec-25 17:20:18 - INFO] - yato - bot - Bot stopped.
[16-Dec-25 17:20:18 - INFO] - yato - bot - Bot stopped.
[16-Dec-25 17:20:18 - INFO] - yato - bot - Bot stopped.
[16-Dec-25 17:20:18 - INFO] - yato - bot - Bot stopped.
[16-Dec-25 17:20:18 - INFO] - yato - bot - Bot stopped.
[16-Dec-25 17:20:33 - INFO] - yato - bot - Primary DB Channel: -1003654284775
[16-Dec-25 17:20:33 - INFO] - yato - bot - Total DB Channels: 0
[16-Dec-25 17:20:33 - INFO] - yato - bot - Total DB Channels: 0
[16-Dec-25 17:20:33 - INFO] - yato - bot - Bot Started!!
[16-Dec-25 17:20:33 - INFO] - yato - bot - Bot Started!!
[16-Dec-25 17:20:33 - INFO] - yato - bot - Bot Started!!
[16-Dec-25 17:20:34 - INFO] - yato - bot - Restart notification sent to owner: 1246987713
[16-Dec-25 17:20:34 - INFO] - yato - bot - Restart notification sent to owner: 1246987713
[16-Dec-25 17:20:34 - INFO] - yato - bot - Restart notification sent to owner: 1246987713
[16-Dec-25 17:20:34 - INFO] - yato - bot - Restart notification sent to owner: 1246987713
[16-Dec-25 17:20:49 - WARNING] - yato - plugins.channel_post - FFmpeg not installed, skipping screenshot extraction
[16-Dec-25 17:21:26 - INFO] - yato - bot - Bot stopped.
[16-Dec-25 17:21:26 - INFO] - yato - bot - Bot stopped.
[16-Dec-25 17:21:26 - INFO] - yato - bot - Bot stopped.
[16-Dec-25 17:21:26 - INFO] - yato - bot - Bot stopped.
[16-Dec-25 17:21:26 - INFO] - yato - bot - Bot stopped.
[16-Dec-25 17:21:54 - INFO] - yato - bot - Primary DB Channel: -1003654284775
[16-Dec-25 17:21:54 - INFO] - yato - bot - Total DB Channels: 0
[16-Dec-25 17:21:54 - INFO] - yato - bot - Total DB Channels: 0
[16-Dec-25 17:21:54 - INFO] - yato - bot - Bot Started!!
[16-Dec-25 17:21:54 - INFO] - yato - bot - Bot Started!!
[16-Dec-25 17:21:54 - INFO] - yato - bot - Bot Started!!
[16-Dec-25 17:21:54 - INFO] - yato - bot - Restart notification sent to owner: 1246987713
[16-Dec-25 17:21:54 - INFO] - yato - bot - Restart notification sent to owner: 1246987713
[16-Dec-25 17:21:54 - INFO] - yato - bot - Restart notification sent to owner: 1246987713
[16-Dec-25 17:21:54 - INFO] - yato - bot - Restart notification sent to owner: 1246987713
[16-Dec-25 17:22:31 - WARNING] - yato - plugins.channel_post - No screenshots extracted, falling back to normal upload
[16-Dec-25 17:23:27 - INFO] - yato - bot - Bot stopped.
[16-Dec-25 17:23:27 - INFO] - yato - bot - Bot stopped.
[16-Dec-25 17:23:27 - INFO] - yato - bot - Bot stopped.
[16-Dec-25 17:23:27 - INFO] - yato - bot - Bot stopped.
[16-Dec-25 17:23:27 - INFO] - yato - bot - Bot stopped.
[16-Dec-25 17:23:49 - INFO] - yato - bot - Primary DB Channel: -1003654284775
[16-Dec-25 17:23:49 - INFO] - yato - bot - Total DB Channels: 0
[16-Dec-25 17:23:49 - INFO] - yato - bot - Total DB Channels: 0
[16-Dec-25 17:23:49 - INFO] - yato - bot - Bot Started!!
[16-Dec-25 17:23:49 - INFO] - yato - bot - Bot Started!!
[16-Dec-25 17:23:49 - INFO] - yato - bot - Bot Started!!
[16-Dec-25 17:23:49 - INFO] - yato - bot - Restart notification sent to owner: 1246987713
[16-Dec-25 17:23:49 - INFO] - yato - bot - Restart notification sent to owner: 1246987713
[16-Dec-25 17:23:49 - INFO] - yato - bot - Restart notification sent to owner: 1246987713
[16-Dec-25 17:23:49 - INFO] - yato - bot - Restart notification sent to owner: 1246987713
[16-Dec-25 17:25:57 - WARNING] - yato - plugins.channel_post - No screenshots extracted, falling back to normal upload
[16-Dec-25 17:27:17 - INFO] - yato - bot - Bot stopped.
[16-Dec-25 17:27:17 - INFO] - yato - bot - Bot stopped.
[16-Dec-25 17:27:17 - INFO] - yato - bot - Bot stopped.
[16-Dec-25 17:27:17 - INFO] - yato - bot - Bot stopped.
[16-Dec-25 17:27:17 - INFO] - yato - bot - Bot stopped.
[16-Dec-25 17:29:05 - INFO] - yato - bot - Primary DB Channel: -1003654284775
[16-Dec-25 17:29:05 - INFO] - yato - bot - Total DB Channels: 0
[16-Dec-25 17:29:05 - INFO] - yato - bot - Total DB Channels: 0
[16-Dec-25 17:29:05 - INFO] - yato - bot - Bot Started!!
[16-Dec-25 17:29:05 - INFO] - yato - bot - Bot Started!!
[16-Dec-25 17:29:05 - INFO] - yato - bot - Bot Started!!
[16-Dec-25 17:29:05 - INFO] - yato - bot - Restart notification sent to owner: 1246987713
[16-Dec-25 17:29:05 - INFO] - yato - bot - Restart notification sent to owner: 1246987713
[16-Dec-25 17:29:05 - INFO] - yato - bot - Restart notification sent to owner: 1246987713
[16-Dec-25 17:29:05 - INFO] - yato - bot - Restart notification sent to owner: 1246987713
[16-Dec-25 17:34:36 - INFO] - yato - bot - Bot stopped.
[16-Dec-25 17:34:36 - INFO] - yato - bot - Bot stopped.
[16-Dec-25 17:34:36 - INFO] - yato - bot - Bot stopped.
[16-Dec-25 17:34:36 - INFO] - yato - bot - Bot stopped.
[16-Dec-25 17:34:36 - INFO] - yato - bot - Bot stopped.
[16-Dec-25 17:35:01 - INFO] - yato - bot - Primary DB Channel: -1003654284775
[16-Dec-25 17:35:01 - INFO] - yato - bot - Total DB Channels: 0
[16-Dec-25 17:35:01 - INFO] - yato - bot - Total DB Channels: 0
[16-Dec-25 17:35:01 - INFO] - yato - bot - Bot Started!!
[16-Dec-25 17:35:01 - INFO] - yato - bot - Bot Started!!
[16-Dec-25 17:35:01 - INFO] - yato - bot - Bot Started!!
[16-Dec-25 17:35:01 - INFO] - yato - bot - Restart notification sent to owner: 1246987713
[16-Dec-25 17:35:01 - INFO] - yato - bot - Restart notification sent to owner: 1246987713
[16-Dec-25 17:35:01 - INFO] - yato - bot - Restart notification sent to owner: 1246987713
[16-Dec-25 17:35:01 - INFO] - yato - bot - Restart notification sent to owner: 1246987713
[16-Dec-25 17:36:35 - INFO] - yato - plugins.start - Decoded batch from primary channel -1003654284775: 37-41
[16-Dec-25 17:36:35 - INFO] - yato - plugins.start - Trying to get messages from source channel: -1003654284775
[16-Dec-25 17:36:35 - INFO] - yato - plugins.start - Trying to get messages from source channel: -1003654284775
[16-Dec-25 17:36:35 - INFO] - yato - plugins.start - Found 5 messages from source channel -1003654284775
[16-Dec-25 17:36:35 - INFO] - yato - plugins.start - Found 5 messages from source channel -1003654284775
[16-Dec-25 17:36:35 - INFO] - yato - plugins.start - Found 5 messages from source channel -1003654284775
[16-Dec-25 17:39:58 - INFO] - yato - bot - Bot stopped.
[16-Dec-25 17:39:58 - INFO] - yato - bot - Bot stopped.
[16-Dec-25 17:39:58 - INFO] - yato - bot - Bot stopped.
[16-Dec-25 17:39:58 - INFO] - yato - bot - Bot stopped.
[16-Dec-25 17:39:58 - INFO] - yato - bot - Bot stopped.
[16-Dec-25 17:40:12 - INFO] - yato - bot - Primary DB Channel: -1003654284775
[16-Dec-25 17:40:12 - INFO] - yato - bot - Total DB Channels: 0
[16-Dec-25 17:40:12 - INFO] - yato - bot - Total DB Channels: 0
[16-Dec-25 17:40:12 - INFO] - yato - bot - Bot Started!!
[16-Dec-25 17:40:12 - INFO] - yato - bot - Bot Started!!
[16-Dec-25 17:40:12 - INFO] - yato - bot - Bot Started!!
[16-Dec-25 17:40:12 - INFO] - yato - bot - Restart notification sent to owner: 1246987713
[16-Dec-25 17:40:12 - INFO] - yato - bot - Restart notification sent to owner: 1246987713
[16-Dec-25 17:40:12 - INFO] - yato - bot - Restart notification sent to owner: 1246987713
[16-Dec-25 17:40:12 - INFO] - yato - bot - Restart notification sent to owner: 1246987713
[16-Dec-25 17:40:47 - INFO] - yato - plugins.start - Decoded batch from primary channel -1003654284775: 44-48
[16-Dec-25 17:40:48 - INFO] - yato - plugins.start - Trying to get messages from source channel: -1003654284775
[16-Dec-25 17:40:48 - INFO] - yato - plugins.start - Trying to get messages from source channel: -1003654284775
[16-Dec-25 17:40:48 - INFO] - yato - plugins.start - Found 5 messages from source channel -1003654284775
[16-Dec-25 17:40:48 - INFO] - yato - plugins.start - Found 5 messages from source channel -1003654284775
[16-Dec-25 17:40:48 - INFO] - yato - plugins.start - Found 5 messages from source channel -1003654284775
[16-Dec-25 17:41:05 - INFO] - yato - plugins.start - Decoded batch from primary channel -1003654284775: 44-48
[16-Dec-25 17:41:05 - INFO] - yato - plugins.start - Decoded batch from primary channel -1003654284775: 44-48
[16-Dec-25 17:41:05 - INFO] - yato - plugins.start - Decoded batch from primary channel -1003654284775: 44-48
[16-Dec-25 17:41:05 - INFO] - yato - plugins.start - Decoded batch from primary channel -1003654284775: 44-48
[16-Dec-25 17:41:05 - INFO] - yato - plugins.start - Trying to get messages from source channel: -1003654284775
[16-Dec-25 17:41:05 - INFO] - yato - plugins.start - Trying to get messages from source channel: -1003654284775
[16-Dec-25 17:41:05 - INFO] - yato - plugins.start - Trying to get messages from source channel: -1003654284775
[16-Dec-25 17:41:05 - INFO] - yato - plugins.start - Trying to get messages from source channel: -1003654284775
[16-Dec-25 17:41:05 - INFO] - yato - plugins.start - Trying to get messages from source channel: -1003654284775
[16-Dec-25 17:41:05 - INFO] - yato - plugins.start - Found 5 messages from source channel -1003654284775
[16-Dec-25 17:41:05 - INFO] - yato - plugins.start - Found 5 messages from source channel -1003654284775
[16-Dec-25 17:41:05 - INFO] - yato - plugins.start - Found 5 messages from source channel -1003654284775
[16-Dec-25 17:41:05 - INFO] - yato - plugins.start - Found 5 messages from source channel -1003654284775
[16-Dec-25 17:41:05 - INFO] - yato - plugins.start - Found 5 messages from source channel -1003654284775
[16-Dec-25 17:41:05 - INFO] - yato - plugins.start - Found 5 messages from source channel -1003654284775
[16-Dec-25 17:50:26 - INFO] - yato - bot - Bot stopped.
[16-Dec-25 17:50:26 - INFO] - yato - bot - Bot stopped.
[16-Dec-25 17:50:26 - INFO] - yato - bot - Bot stopped.
[16-Dec-25 17:50:26 - INFO] - yato - bot - Bot stopped.
[16-Dec-25 17:50:26 - INFO] - yato - bot - Bot stopped.
[16-Dec-25 17:51:00 - INFO] - yato - bot - Primary DB Channel: -1003654284775
[16-Dec-25 17:51:00 - INFO] - yato - bot - Total DB Channels: 0
[16-Dec-25 17:51:00 - INFO] - yato - bot - Total DB Channels: 0
[16-Dec-25 17:51:00 - INFO] - yato - bot - Bot Started!!
[16-Dec-25 17:51:00 - INFO] - yato - bot - Bot Started!!
[16-Dec-25 17:51:00 - INFO] - yato - bot - Bot Started!!
[16-Dec-25 17:51:01 - INFO] - yato - bot - Restart notification sent to owner: 1246987713
[16-Dec-25 17:51:01 - INFO] - yato - bot - Restart notification sent to owner: 1246987713
[16-Dec-25 17:51:01 - INFO] - yato - bot - Restart notification sent to owner: 1246987713
[16-Dec-25 17:51:01 - INFO] - yato - bot - Restart notification sent to owner: 1246987713
[16-Dec-25 17:53:49 - INFO] - yato - plugins.start - Decoded batch from primary channel -1003654284775: 49-53
[16-Dec-25 17:53:49 - INFO] - yato - plugins.start - Trying to get messages from source channel: -1003654284775
[16-Dec-25 17:53:49 - INFO] - yato - plugins.start - Trying to get messages from source channel: -1003654284775
[16-Dec-25 17:53:50 - INFO] - yato - plugins.start - Found 5 messages from source channel -1003654284775
[16-Dec-25 17:53:50 - INFO] - yato - plugins.start - Found 5 messages from source channel -1003654284775
[16-Dec-25 17:53:50 - INFO] - yato - plugins.start - Found 5 messages from source channel -1003654284775
